<?xml version="1.0" encoding="UTF-8"?>
<!-- Generated by org.testng.reporters.JUnitXMLReporter -->
<testsuite ignored="0" hostname="MANOJLAPTOP" failures="1" tests="2" name="Test" time="29.078" errors="0" timestamp="2024-11-23T00:41:01 CST">
  <testcase classname="testCases.TC001_AccountRegistrationTest" name="testAccountRegistration" time="3.968"/>
  <testcase classname="testCases.TC002_LoginTest" name="testLogin" time="12.11">
    <failure type="java.lang.AssertionError" message="Login Failed expected [true] but found [false]">
      <![CDATA[java.lang.AssertionError: Login Failed expected [true] but found [false]
at testCases.TC002_LoginTest.testLogin(TC002_LoginTest.java:38)
at java.base/java.util.ArrayList.forEach(ArrayList.java:1597)
... Removed 31 stack frames]]>
    </failure>
  </testcase> <!-- testLogin -->
</testsuite> <!-- Test -->
