<?xml version="1.0" encoding="UTF-8"?>
<testng-results ignored="0" total="2" passed="2" failed="0" skipped="0">
  <reporter-output>
  </reporter-output>
  <suite started-at="2024-11-23T22:33:35 CST" name="Master Suite" finished-at="2024-11-23T22:33:48 CST" duration-ms="13617">
    <groups>
      <group name="Master">
        <method signature="TC001_AccountRegistrationTest.testAccountRegistration()[pri:0, instance:testCases.TC001_AccountRegistrationTest@45312be2]" name="testAccountRegistration" class="testCases.TC001_AccountRegistrationTest"/>
        <method signature="TC002_LoginTest.testLogin()[pri:0, instance:testCases.TC002_LoginTest@50d13246]" name="testLogin" class="testCases.TC002_LoginTest"/>
      </group> <!-- Master -->
      <group name="Sanity">
        <method signature="TC002_LoginTest.testLogin()[pri:0, instance:testCases.TC002_LoginTest@50d13246]" name="testLogin" class="testCases.TC002_LoginTest"/>
      </group> <!-- Sanity -->
      <group name="Regression">
        <method signature="TC001_AccountRegistrationTest.testAccountRegistration()[pri:0, instance:testCases.TC001_AccountRegistrationTest@45312be2]" name="testAccountRegistration" class="testCases.TC001_AccountRegistrationTest"/>
      </group> <!-- Regression -->
    </groups>
    <test started-at="2024-11-23T22:33:35 CST" name="Test" finished-at="2024-11-23T22:33:48 CST" duration-ms="13617">
      <class name="testCases.TC002_LoginTest">
        <test-method is-config="true" signature="setup(java.lang.String,java.lang.String)[pri:0, instance:testCases.TC002_LoginTest@50d13246]" started-at="2024-11-23T22:33:42 CST" name="setup" finished-at="2024-11-23T22:33:46 CST" duration-ms="3720" status="PASS">
          <params>
            <param index="0">
              <value>
                <![CDATA[windows]]>
              </value>
            </param>
            <param index="1">
              <value>
                <![CDATA[chrome]]>
              </value>
            </param>
          </params>
          <reporter-output>
          </reporter-output>
        </test-method> <!-- setup -->
        <test-method signature="testLogin()[pri:0, instance:testCases.TC002_LoginTest@50d13246]" started-at="2024-11-23T22:33:46 CST" name="testLogin" finished-at="2024-11-23T22:33:48 CST" duration-ms="2024" status="PASS">
          <reporter-output>
          </reporter-output>
        </test-method> <!-- testLogin -->
        <test-method is-config="true" signature="teardown()[pri:0, instance:testCases.TC002_LoginTest@50d13246]" started-at="2024-11-23T22:33:48 CST" name="teardown" finished-at="2024-11-23T22:33:48 CST" duration-ms="260" status="PASS">
          <reporter-output>
          </reporter-output>
        </test-method> <!-- teardown -->
      </class> <!-- testCases.TC002_LoginTest -->
      <class name="testCases.TC001_AccountRegistrationTest">
        <test-method is-config="true" signature="setup(java.lang.String,java.lang.String)[pri:0, instance:testCases.TC001_AccountRegistrationTest@45312be2]" started-at="2024-11-23T22:33:35 CST" name="setup" finished-at="2024-11-23T22:33:39 CST" duration-ms="4042" status="PASS">
          <params>
            <param index="0">
              <value>
                <![CDATA[windows]]>
              </value>
            </param>
            <param index="1">
              <value>
                <![CDATA[chrome]]>
              </value>
            </param>
          </params>
          <reporter-output>
          </reporter-output>
        </test-method> <!-- setup -->
        <test-method signature="testAccountRegistration()[pri:0, instance:testCases.TC001_AccountRegistrationTest@45312be2]" started-at="2024-11-23T22:33:39 CST" name="testAccountRegistration" finished-at="2024-11-23T22:33:42 CST" duration-ms="3081" status="PASS">
          <reporter-output>
          </reporter-output>
        </test-method> <!-- testAccountRegistration -->
        <test-method is-config="true" signature="teardown()[pri:0, instance:testCases.TC001_AccountRegistrationTest@45312be2]" started-at="2024-11-23T22:33:42 CST" name="teardown" finished-at="2024-11-23T22:33:42 CST" duration-ms="265" status="PASS">
          <reporter-output>
          </reporter-output>
        </test-method> <!-- teardown -->
      </class> <!-- testCases.TC001_AccountRegistrationTest -->
    </test> <!-- Test -->
  </suite> <!-- Master Suite -->
</testng-results>
